{"level":"info","message":"Database connected successfully."}
{"level":"info","message":"Application listen on 5050 port."}
{"level":"info","message":"Database connected successfully."}
{"level":"info","message":"Application listen on 5050 port."}
{"level":"info","message":"Database connected successfully."}
{"level":"info","message":"Application listen on 5050 port."}
{"level":"info","message":"Database connected successfully."}
{"level":"info","message":"Application listen on 5050 port."}
{"level":"info","message":"Database connected successfully."}
{"level":"info","message":"Application listen on 5050 port."}
{"level":"info","message":"Database connected successfully."}
{"level":"info","message":"Application listen on 5050 port."}
{"level":"info","message":"Database connected successfully."}
{"level":"info","message":"Application listen on 5050 port."}
{"level":"info","message":"Database connected successfully."}
{"level":"info","message":"Application listen on 5050 port."}
{"level":"info","message":"Database connected successfully."}
{"level":"info","message":"Application listen on 5050 port."}
{"level":"info","message":"Database connected successfully."}
{"level":"info","message":"Application listen on 5050 port."}
{"level":"info","message":"Database connected successfully."}
{"level":"info","message":"Application listen on 5050 port."}
{"level":"info","message":"Database connected successfully."}
{"level":"info","message":"Application listen on 5050 port."}
{"level":"info","message":"Database connected successfully."}
{"level":"info","message":"Application listen on 5050 port."}
{"level":"info","message":"Database connected successfully."}
{"level":"info","message":"Application listen on 5050 port."}
{"level":"info","message":"Database connected successfully."}
{"level":"info","message":"Application listen on 5050 port."}
{"level":"info","message":"Database connected successfully."}
{"level":"info","message":"Application listen on 5050 port."}
{"level":"info","message":"Database connected successfully."}
{"level":"info","message":"Application listen on 5050 port."}
{"level":"info","message":"Database connected successfully."}
{"level":"info","message":"Application listen on 5050 port."}
{"level":"info","message":"Database connected successfully."}
{"level":"info","message":"Application listen on 5050 port."}
7/23/2023//7/23/2023, 3:47:53 AM [right meow!] info: Database connected successfully.
7/23/2023//7/23/2023, 3:47:54 AM [right meow!] info: Application listen on 5050 port.
7/23/2023//7/23/2023, 3:47:55 AM [right meow!] info: Database connected successfully.
7/23/2023//7/23/2023, 3:47:55 AM [right meow!] info: Application listen on 5050 port.
7/23/2023//7/23/2023, 3:48:05 AM [U] info: Database connected successfully.
7/23/2023//7/23/2023, 3:48:05 AM [U] info: Application listen on 5050 port.
7/23/2023//7/23/2023, 3:48:06 AM [UN] info: Database connected successfully.
7/23/2023//7/23/2023, 3:48:06 AM [UN] info: Application listen on 5050 port.
7/23/2023//7/23/2023, 3:48:08 AM [] info: Database connected successfully.
7/23/2023//7/23/2023, 3:48:08 AM [] info: Application listen on 5050 port.
7/23/2023//7/23/2023, 3:48:12 AM [UM] info: Database connected successfully.
7/23/2023//7/23/2023, 3:48:12 AM [UM] info: Application listen on 5050 port.
7/23/2023//7/23/2023, 3:48:26 AM [UM] info: Database connected successfully.
7/23/2023//7/23/2023, 3:48:26 AM [UM] info: Application listen on 5050 port.
7/23/2023//7/23/2023, 3:48:56 AM [UM] info: Database connected successfully.
7/23/2023//7/23/2023, 3:48:56 AM [UM] info: Application listen on 5050 port.
7/23/2023//7/23/2023, 3:49:48 AM [UM] info: Database connected successfully.
7/23/2023//7/23/2023, 3:49:48 AM [UM] info: Application listen on 5050 port.
7/23/2023//7/23/2023, 3:49:58 AM [UM] info: Database connected successfully.
7/23/2023//7/23/2023, 3:49:58 AM [UM] info: Application listen on 5050 port.
7/23/2023//7/23/2023, 3:50:05 AM [UM] info: Database connected successfully.
7/23/2023//7/23/2023, 3:50:05 AM [UM] info: Application listen on 5050 port.
7/23/2023 [UM] info: Database connected successfully.
7/23/2023 [UM] info: Application listen on 5050 port.
7/23/2023, 3:51:49 AM [UM] info: Database connected successfully.
7/23/2023, 3:51:49 AM [UM] info: Application listen on 5050 port.
